SF:lib\src\persist.dart
DA:16,3
DA:20,1
DA:29,1
DA:33,1
DA:35,0
DA:36,1
DA:37,1
DA:39,2
DA:40,1
DA:42,0
DA:43,0
DA:56,1
DA:57,3
DA:59,1
DA:74,1
DA:75,1
DA:76,1
DA:78,5
DA:79,2
DA:80,1
DA:81,1
DA:87,1
DA:88,6
DA:91,1
DA:92,4
DA:95,2
DA:100,1
DA:101,3
DA:102,1
DA:104,1
DA:108,1
DA:109,3
DA:110,4
DA:112,5
DA:117,3
DA:120,1
DA:121,5
DA:123,2
DA:124,2
DA:125,2
DA:133,1
DA:134,2
DA:135,1
DA:136,3
DA:137,1
DA:138,2
DA:139,2
DA:140,3
DA:143,1
DA:144,6
DA:145,1
DA:146,2
DA:147,2
DA:148,1
DA:159,1
DA:160,1
DA:161,1
DA:167,4
DA:170,1
DA:172,2
DA:176,0
DA:179,0
DA:182,0
DA:185,0
LF:64
LH:57
end_of_record
SF:lib\src\utils.dart
DA:5,1
DA:7,1
DA:8,3
DA:10,0
DA:11,0
DA:14,1
LF:6
LH:4
end_of_record
